<?xml version="1.0" encoding="UTF-8"?>
<!-- Generated by org.testng.reporters.JUnitXMLReporter -->
<testsuite ignored="8" hostname="DESKTOP-JFR5O47" failures="0" tests="3" name="Test2" time="48.399" errors="0" timestamp="2022-08-04T23:21:23 IST">
  <testcase classname="org.tyss.genericUtility.BaseClass" name="@BeforeMethod userLogin" time="0.164">
    <failure type="org.openqa.selenium.UnhandledAlertException" message="unexpected alert open: {Alert text : undefined}
  (Session info: chrome=103.0.5060.134): undefined
Build info: version: &amp;apos;4.2.2&amp;apos;, revision: &amp;apos;683ccb65d6&amp;apos;
System info: host: &amp;apos;DESKTOP-JFR5O47&amp;apos;, ip: &amp;apos;192.168.222.1&amp;apos;, os.name: &amp;apos;Windows 10&amp;apos;, os.arch: &amp;apos;amd64&amp;apos;, os.version: &amp;apos;10.0&amp;apos;, java.version: &amp;apos;16.0.1&amp;apos;
Driver info: org.openqa.selenium.chrome.ChromeDriver
Command: [af7d6667d9b7027812c202202ed692a7, findElement {using=xpath, value=//input[@name=&amp;apos;user_name&amp;apos;]}]
Capabilities {acceptInsecureCerts: false, browserName: chrome, browserVersion: 103.0.5060.134, chrome: {chromedriverVersion: 103.0.5060.134 (8ec6fce403b..., userDataDir: C:\Users\ymulk\AppData\Loca...}, goog:chromeOptions: {debuggerAddress: localhost:49441}, networkConnectionEnabled: false, pageLoadStrategy: normal, platformName: WINDOWS, proxy: Proxy(), se:cdp: ws://localhost:49441/devtoo..., se:cdpVersion: 103.0.5060.134, setWindowRect: true, strictFileInteractability: false, timeouts: {implicit: 0, pageLoad: 300000, script: 30000}, unhandledPromptBehavior: dismiss and notify, webauthn:extension:credBlob: true, webauthn:extension:largeBlob: true, webauthn:virtualAuthenticators: true}
Session ID: af7d6667d9b7027812c202202ed692a7">
      <![CDATA[org.openqa.selenium.UnhandledAlertException: unexpected alert open: {Alert text : undefined}
  (Session info: chrome=103.0.5060.134): undefined
Build info: version: '4.2.2', revision: '683ccb65d6'
System info: host: 'DESKTOP-JFR5O47', ip: '192.168.222.1', os.name: 'Windows 10', os.arch: 'amd64', os.version: '10.0', java.version: '16.0.1'
Driver info: org.openqa.selenium.chrome.ChromeDriver
Command: [af7d6667d9b7027812c202202ed692a7, findElement {using=xpath, value=//input[@name='user_name']}]
Capabilities {acceptInsecureCerts: false, browserName: chrome, browserVersion: 103.0.5060.134, chrome: {chromedriverVersion: 103.0.5060.134 (8ec6fce403b..., userDataDir: C:\Users\ymulk\AppData\Loca...}, goog:chromeOptions: {debuggerAddress: localhost:49441}, networkConnectionEnabled: false, pageLoadStrategy: normal, platformName: WINDOWS, proxy: Proxy(), se:cdp: ws://localhost:49441/devtoo..., se:cdpVersion: 103.0.5060.134, setWindowRect: true, strictFileInteractability: false, timeouts: {implicit: 0, pageLoad: 300000, script: 30000}, unhandledPromptBehavior: dismiss and notify, webauthn:extension:credBlob: true, webauthn:extension:largeBlob: true, webauthn:virtualAuthenticators: true}
Session ID: af7d6667d9b7027812c202202ed692a7
at org.openqa.selenium.remote.codec.w3c.W3CHttpResponseCodec.decode(W3CHttpResponseCodec.java:131)
at org.openqa.selenium.remote.codec.w3c.W3CHttpResponseCodec.decode(W3CHttpResponseCodec.java:53)
at org.openqa.selenium.remote.HttpCommandExecutor.execute(HttpCommandExecutor.java:184)
at org.openqa.selenium.remote.service.DriverCommandExecutor.invokeExecute(DriverCommandExecutor.java:167)
at org.openqa.selenium.remote.service.DriverCommandExecutor.execute(DriverCommandExecutor.java:142)
at org.openqa.selenium.remote.RemoteWebDriver.execute(RemoteWebDriver.java:588)
at org.openqa.selenium.remote.ElementLocation$ElementFinder$2.findElement(ElementLocation.java:162)
at org.openqa.selenium.remote.ElementLocation.findElement(ElementLocation.java:60)
at org.openqa.selenium.remote.RemoteWebDriver.findElement(RemoteWebDriver.java:406)
at org.openqa.selenium.remote.RemoteWebDriver.findElement(RemoteWebDriver.java:398)
at org.openqa.selenium.support.pagefactory.DefaultElementLocator.findElement(DefaultElementLocator.java:70)
at org.openqa.selenium.support.pagefactory.internal.LocatingElementHandler.invoke(LocatingElementHandler.java:39)
at jdk.proxy2/jdk.proxy2.$Proxy20.sendKeys(Unknown Source)
at org.vtiger.pomrepository.LoginPage.login(LoginPage.java:71)
at org.tyss.genericUtility.BaseClass.userLogin(BaseClass.java:72)
at java.base/java.util.ArrayList.forEach(ArrayList.java:1511)
at java.base/java.util.concurrent.FutureTask.run(FutureTask.java:264)
at java.base/java.util.concurrent.ThreadPoolExecutor.runWorker(ThreadPoolExecutor.java:1130)
at java.base/java.util.concurrent.ThreadPoolExecutor$Worker.run(ThreadPoolExecutor.java:630)
at java.base/java.lang.Thread.run(Thread.java:831)
... Removed 22 stack frames]]>
    </failure>
  </testcase> <!-- @BeforeMethod userLogin -->
  <testcase classname="org.tyss.genericUtility.BaseClass" name="@AfterMethod userLogout" time="-1.659635480819E9">
    <skipped/>
  </testcase> <!-- @AfterMethod userLogout -->
  <testcase classname="org.tyss.genericUtility.BaseClass" name="@BeforeMethod userLogin" time="0.091">
    <failure type="java.lang.IllegalArgumentException" message="Keys to send should be a not null CharSequence">
      <![CDATA[java.lang.IllegalArgumentException: Keys to send should be a not null CharSequence
at org.openqa.selenium.remote.RemoteWebElement.sendKeys(RemoteWebElement.java:98)
at org.openqa.selenium.support.pagefactory.internal.LocatingElementHandler.invoke(LocatingElementHandler.java:52)
at jdk.proxy2/jdk.proxy2.$Proxy20.sendKeys(Unknown Source)
at org.vtiger.pomrepository.LoginPage.login(LoginPage.java:71)
at org.tyss.genericUtility.BaseClass.userLogin(BaseClass.java:72)
at java.base/java.util.ArrayList.forEach(ArrayList.java:1511)
at java.base/java.util.concurrent.FutureTask.run(FutureTask.java:264)
at java.base/java.util.concurrent.ThreadPoolExecutor.runWorker(ThreadPoolExecutor.java:1130)
at java.base/java.util.concurrent.ThreadPoolExecutor$Worker.run(ThreadPoolExecutor.java:630)
at java.base/java.lang.Thread.run(Thread.java:831)
... Removed 26 stack frames]]>
    </failure>
  </testcase> <!-- @BeforeMethod userLogin -->
  <testcase classname="org.tyss.genericUtility.BaseClass" name="@AfterMethod userLogout" time="-1.659635481441E9">
    <skipped/>
  </testcase> <!-- @AfterMethod userLogout -->
  <testcase classname="org.tyss.genericUtility.BaseClass" name="@BeforeMethod userLogin" time="0.123">
    <failure type="java.lang.IllegalArgumentException" message="Keys to send should be a not null CharSequence">
      <![CDATA[java.lang.IllegalArgumentException: Keys to send should be a not null CharSequence
at org.openqa.selenium.remote.RemoteWebElement.sendKeys(RemoteWebElement.java:98)
at org.openqa.selenium.support.pagefactory.internal.LocatingElementHandler.invoke(LocatingElementHandler.java:52)
at jdk.proxy2/jdk.proxy2.$Proxy20.sendKeys(Unknown Source)
at org.vtiger.pomrepository.LoginPage.login(LoginPage.java:71)
at org.tyss.genericUtility.BaseClass.userLogin(BaseClass.java:72)
at java.base/java.util.ArrayList.forEach(ArrayList.java:1511)
at java.base/java.util.concurrent.FutureTask.run(FutureTask.java:264)
at java.base/java.util.concurrent.ThreadPoolExecutor.runWorker(ThreadPoolExecutor.java:1130)
at java.base/java.util.concurrent.ThreadPoolExecutor$Worker.run(ThreadPoolExecutor.java:630)
at java.base/java.lang.Thread.run(Thread.java:831)
... Removed 26 stack frames]]>
    </failure>
  </testcase> <!-- @BeforeMethod userLogin -->
  <testcase classname="org.tyss.genericUtility.BaseClass" name="@AfterMethod userLogout" time="-1.659635481599E9">
    <skipped/>
  </testcase> <!-- @AfterMethod userLogout -->
  <testcase classname="org.tyss.genericUtility.BaseClass" name="@BeforeMethod userLogin" time="0.056">
    <failure type="java.lang.IllegalArgumentException" message="Keys to send should be a not null CharSequence">
      <![CDATA[java.lang.IllegalArgumentException: Keys to send should be a not null CharSequence
at org.openqa.selenium.remote.RemoteWebElement.sendKeys(RemoteWebElement.java:98)
at org.openqa.selenium.support.pagefactory.internal.LocatingElementHandler.invoke(LocatingElementHandler.java:52)
at jdk.proxy2/jdk.proxy2.$Proxy20.sendKeys(Unknown Source)
at org.vtiger.pomrepository.LoginPage.login(LoginPage.java:71)
at org.tyss.genericUtility.BaseClass.userLogin(BaseClass.java:72)
at java.base/java.util.ArrayList.forEach(ArrayList.java:1511)
at java.base/java.util.concurrent.FutureTask.run(FutureTask.java:264)
at java.base/java.util.concurrent.ThreadPoolExecutor.runWorker(ThreadPoolExecutor.java:1130)
at java.base/java.util.concurrent.ThreadPoolExecutor$Worker.run(ThreadPoolExecutor.java:630)
at java.base/java.lang.Thread.run(Thread.java:831)
... Removed 26 stack frames]]>
    </failure>
  </testcase> <!-- @BeforeMethod userLogin -->
  <testcase classname="org.tyss.genericUtility.BaseClass" name="@AfterMethod userLogout" time="-1.659635481677E9">
    <skipped/>
  </testcase> <!-- @AfterMethod userLogout -->
  <testcase classname="org.tyss.genericUtility.BaseClass" name="@BeforeMethod userLogin" time="0.864">
    <failure type="java.lang.IllegalArgumentException" message="Keys to send should be a not null CharSequence">
      <![CDATA[java.lang.IllegalArgumentException: Keys to send should be a not null CharSequence
at org.openqa.selenium.remote.RemoteWebElement.sendKeys(RemoteWebElement.java:98)
at org.openqa.selenium.support.pagefactory.internal.LocatingElementHandler.invoke(LocatingElementHandler.java:52)
at jdk.proxy2/jdk.proxy2.$Proxy20.sendKeys(Unknown Source)
at org.vtiger.pomrepository.LoginPage.login(LoginPage.java:71)
at org.tyss.genericUtility.BaseClass.userLogin(BaseClass.java:72)
at java.base/java.util.ArrayList.forEach(ArrayList.java:1511)
at java.base/java.util.concurrent.FutureTask.run(FutureTask.java:264)
at java.base/java.util.concurrent.ThreadPoolExecutor.runWorker(ThreadPoolExecutor.java:1130)
at java.base/java.util.concurrent.ThreadPoolExecutor$Worker.run(ThreadPoolExecutor.java:630)
at java.base/java.lang.Thread.run(Thread.java:831)
... Removed 26 stack frames]]>
    </failure>
  </testcase> <!-- @BeforeMethod userLogin -->
  <testcase classname="org.tyss.genericUtility.BaseClass" name="@AfterMethod userLogout" time="-1.659635481718E9">
    <skipped/>
  </testcase> <!-- @AfterMethod userLogout -->
  <testcase classname="org.vtiger.Organization.RandomlySelectOrganizationAndDeleteOrganizationTest" name="randomlySelectOrganizationAndDeleteOrganizationTest" time="23.781"/>
  <testcase classname="org.vtiger.Organization.CreateOrganizationAndDeleteOrganizationTest" name="createOrganizationAndDeleteOrganizationTest" time="0.0">
    <skipped/>
  </testcase> <!-- createOrganizationAndDeleteOrganizationTest -->
  <testcase classname="org.vtiger.Contacts.CreateContactWithOrganizationTest" name="createContactWithOrganizationTest" time="0.0">
    <skipped/>
  </testcase> <!-- createContactWithOrganizationTest -->
  <testcase classname="org.tyss.genericUtility.BaseClass" name="@AfterSuite closeConnection" time="0.0">
    <ignored/>
  </testcase> <!-- @AfterSuite closeConnection -->
  <testcase classname="org.tyss.genericUtility.BaseClass" name="@AfterSuite closeConnection" time="0.0">
    <ignored/>
  </testcase> <!-- @AfterSuite closeConnection -->
  <testcase classname="org.tyss.genericUtility.BaseClass" name="@BeforeTest testscriptExecutionSetup" time="0.0">
    <ignored/>
  </testcase> <!-- @BeforeTest testscriptExecutionSetup -->
  <testcase classname="org.tyss.genericUtility.BaseClass" name="@BeforeTest testscriptExecutionSetup" time="0.0">
    <ignored/>
  </testcase> <!-- @BeforeTest testscriptExecutionSetup -->
  <testcase classname="org.tyss.genericUtility.BaseClass" name="@BeforeSuite connectionSetup" time="0.0">
    <ignored/>
  </testcase> <!-- @BeforeSuite connectionSetup -->
  <testcase classname="org.tyss.genericUtility.BaseClass" name="@BeforeSuite connectionSetup" time="0.0">
    <ignored/>
  </testcase> <!-- @BeforeSuite connectionSetup -->
  <testcase classname="org.tyss.genericUtility.BaseClass" name="@AfterTest closeBrowser" time="0.0">
    <ignored/>
  </testcase> <!-- @AfterTest closeBrowser -->
  <testcase classname="org.tyss.genericUtility.BaseClass" name="@AfterTest closeBrowser" time="0.0">
    <ignored/>
  </testcase> <!-- @AfterTest closeBrowser -->
</testsuite> <!-- Test2 -->
