<?xml version="1.0" encoding="UTF-8"?>
<!-- Generated by org.testng.reporters.JUnitXMLReporter -->
<testsuite ignored="12" hostname="DESKTOP-JFR5O47" failures="0" tests="4" name="Test3" time="48.302" errors="0" timestamp="2022-08-04T23:21:23 IST">
  <testcase classname="org.tyss.genericUtility.BaseClass" name="@BeforeMethod userLogin" time="0.091">
    <failure type="java.lang.IllegalArgumentException" message="Keys to send should be a not null CharSequence">
      <![CDATA[java.lang.IllegalArgumentException: Keys to send should be a not null CharSequence
at org.openqa.selenium.remote.RemoteWebElement.sendKeys(RemoteWebElement.java:98)
at org.openqa.selenium.support.pagefactory.internal.LocatingElementHandler.invoke(LocatingElementHandler.java:52)
at jdk.proxy2/jdk.proxy2.$Proxy20.sendKeys(Unknown Source)
at org.vtiger.pomrepository.LoginPage.login(LoginPage.java:71)
at org.tyss.genericUtility.BaseClass.userLogin(BaseClass.java:72)
at java.base/java.util.ArrayList.forEach(ArrayList.java:1511)
at java.base/java.util.concurrent.FutureTask.run(FutureTask.java:264)
at java.base/java.util.concurrent.ThreadPoolExecutor.runWorker(ThreadPoolExecutor.java:1130)
at java.base/java.util.concurrent.ThreadPoolExecutor$Worker.run(ThreadPoolExecutor.java:630)
at java.base/java.lang.Thread.run(Thread.java:831)
... Removed 26 stack frames]]>
    </failure>
  </testcase> <!-- @BeforeMethod userLogin -->
  <testcase classname="org.tyss.genericUtility.BaseClass" name="@AfterMethod userLogout" time="-1.659635481441E9">
    <skipped/>
  </testcase> <!-- @AfterMethod userLogout -->
  <testcase classname="org.tyss.genericUtility.BaseClass" name="@BeforeMethod userLogin" time="0.123">
    <failure type="java.lang.IllegalArgumentException" message="Keys to send should be a not null CharSequence">
      <![CDATA[java.lang.IllegalArgumentException: Keys to send should be a not null CharSequence
at org.openqa.selenium.remote.RemoteWebElement.sendKeys(RemoteWebElement.java:98)
at org.openqa.selenium.support.pagefactory.internal.LocatingElementHandler.invoke(LocatingElementHandler.java:52)
at jdk.proxy2/jdk.proxy2.$Proxy20.sendKeys(Unknown Source)
at org.vtiger.pomrepository.LoginPage.login(LoginPage.java:71)
at org.tyss.genericUtility.BaseClass.userLogin(BaseClass.java:72)
at java.base/java.util.ArrayList.forEach(ArrayList.java:1511)
at java.base/java.util.concurrent.FutureTask.run(FutureTask.java:264)
at java.base/java.util.concurrent.ThreadPoolExecutor.runWorker(ThreadPoolExecutor.java:1130)
at java.base/java.util.concurrent.ThreadPoolExecutor$Worker.run(ThreadPoolExecutor.java:630)
at java.base/java.lang.Thread.run(Thread.java:831)
... Removed 26 stack frames]]>
    </failure>
  </testcase> <!-- @BeforeMethod userLogin -->
  <testcase classname="org.tyss.genericUtility.BaseClass" name="@AfterMethod userLogout" time="-1.659635481599E9">
    <skipped/>
  </testcase> <!-- @AfterMethod userLogout -->
  <testcase classname="org.tyss.genericUtility.BaseClass" name="@BeforeMethod userLogin" time="0.056">
    <failure type="java.lang.IllegalArgumentException" message="Keys to send should be a not null CharSequence">
      <![CDATA[java.lang.IllegalArgumentException: Keys to send should be a not null CharSequence
at org.openqa.selenium.remote.RemoteWebElement.sendKeys(RemoteWebElement.java:98)
at org.openqa.selenium.support.pagefactory.internal.LocatingElementHandler.invoke(LocatingElementHandler.java:52)
at jdk.proxy2/jdk.proxy2.$Proxy20.sendKeys(Unknown Source)
at org.vtiger.pomrepository.LoginPage.login(LoginPage.java:71)
at org.tyss.genericUtility.BaseClass.userLogin(BaseClass.java:72)
at java.base/java.util.ArrayList.forEach(ArrayList.java:1511)
at java.base/java.util.concurrent.FutureTask.run(FutureTask.java:264)
at java.base/java.util.concurrent.ThreadPoolExecutor.runWorker(ThreadPoolExecutor.java:1130)
at java.base/java.util.concurrent.ThreadPoolExecutor$Worker.run(ThreadPoolExecutor.java:630)
at java.base/java.lang.Thread.run(Thread.java:831)
... Removed 26 stack frames]]>
    </failure>
  </testcase> <!-- @BeforeMethod userLogin -->
  <testcase classname="org.tyss.genericUtility.BaseClass" name="@AfterMethod userLogout" time="-1.659635481677E9">
    <skipped/>
  </testcase> <!-- @AfterMethod userLogout -->
  <testcase classname="org.vtiger.documents.CreateDocumentTest" name="createDocumentTest" time="24.724"/>
  <testcase classname="org.vtiger.Contacts.CreateContactTest" name="createContactTest" time="0.0">
    <skipped/>
  </testcase> <!-- createContactTest -->
  <testcase classname="org.vtiger.Organization.CreateOrganizationTest" name="createOrganizationTest" time="0.0">
    <skipped/>
  </testcase> <!-- createOrganizationTest -->
  <testcase classname="org.vtiger.Organization.CreateOrganizationWithIndustryAndTypeTest" name="createOrganizationWithIndustryAndTypeTest" time="0.0">
    <skipped/>
  </testcase> <!-- createOrganizationWithIndustryAndTypeTest -->
  <testcase classname="org.tyss.genericUtility.BaseClass" name="@AfterSuite closeConnection" time="0.0">
    <ignored/>
  </testcase> <!-- @AfterSuite closeConnection -->
  <testcase classname="org.tyss.genericUtility.BaseClass" name="@AfterSuite closeConnection" time="0.0">
    <ignored/>
  </testcase> <!-- @AfterSuite closeConnection -->
  <testcase classname="org.tyss.genericUtility.BaseClass" name="@AfterSuite closeConnection" time="0.0">
    <ignored/>
  </testcase> <!-- @AfterSuite closeConnection -->
  <testcase classname="org.tyss.genericUtility.BaseClass" name="@BeforeTest testscriptExecutionSetup" time="0.0">
    <ignored/>
  </testcase> <!-- @BeforeTest testscriptExecutionSetup -->
  <testcase classname="org.tyss.genericUtility.BaseClass" name="@BeforeTest testscriptExecutionSetup" time="0.0">
    <ignored/>
  </testcase> <!-- @BeforeTest testscriptExecutionSetup -->
  <testcase classname="org.tyss.genericUtility.BaseClass" name="@BeforeTest testscriptExecutionSetup" time="0.0">
    <ignored/>
  </testcase> <!-- @BeforeTest testscriptExecutionSetup -->
  <testcase classname="org.tyss.genericUtility.BaseClass" name="@BeforeSuite connectionSetup" time="0.0">
    <ignored/>
  </testcase> <!-- @BeforeSuite connectionSetup -->
  <testcase classname="org.tyss.genericUtility.BaseClass" name="@BeforeSuite connectionSetup" time="0.0">
    <ignored/>
  </testcase> <!-- @BeforeSuite connectionSetup -->
  <testcase classname="org.tyss.genericUtility.BaseClass" name="@BeforeSuite connectionSetup" time="0.0">
    <ignored/>
  </testcase> <!-- @BeforeSuite connectionSetup -->
  <testcase classname="org.tyss.genericUtility.BaseClass" name="@AfterTest closeBrowser" time="0.0">
    <ignored/>
  </testcase> <!-- @AfterTest closeBrowser -->
  <testcase classname="org.tyss.genericUtility.BaseClass" name="@AfterTest closeBrowser" time="0.0">
    <ignored/>
  </testcase> <!-- @AfterTest closeBrowser -->
  <testcase classname="org.tyss.genericUtility.BaseClass" name="@AfterTest closeBrowser" time="0.0">
    <ignored/>
  </testcase> <!-- @AfterTest closeBrowser -->
</testsuite> <!-- Test3 -->
